<?xml version="1.0" encoding="UTF-8"?>
<testsuite name="binarySearchTest" tests="7" skipped="0" failures="0" errors="0" timestamp="2022-12-07T06:46:47" hostname="LAPTOP-49MSA4BS" time="0.076">
  <properties/>
  <testcase name="testShouldReturnSuccessfulOnMidGreaterThanGivenNumber()" classname="binarySearchTest" time="0.058"/>
  <testcase name="testShouldReturnSuccessfulOnLeftBound()" classname="binarySearchTest" time="0.002"/>
  <testcase name="testShouldReturnUnsuccessfulOnwrongkey()" classname="binarySearchTest" time="0.002"/>
  <testcase name="binarySearchArrayTest()" classname="binarySearchTest" time="0.001"/>
  <testcase name="testShouldReturnSuccessfulOnMid()" classname="binarySearchTest" time="0.001"/>
  <testcase name="testShouldReturnSuccessfulOnMidLesserThanGivenNumber()" classname="binarySearchTest" time="0.001"/>
  <testcase name="testShouldReturnSuccessfulOnRightBound()" classname="binarySearchTest" time="0.002"/>
  <system-out><![CDATA[]]></system-out>
  <system-err><![CDATA[]]></system-err>
</testsuite>
